
> build
> vite build

vite v7.1.12 building for production...
[plugin @laravel/vite-plugin-wayfinder] Types generated for actions, routes, form variants
transforming...
✓ 3214 modules transformed.
✗ Build failed in 7.81s
error during build:
resources/js/composables/useTwoFactorAuth.ts (1:9): "qrCode" is not exported by "resources/js/routes/two-factor/index.ts", imported by "resources/js/composables/useTwoFactorAuth.ts".
file: /home/mansour-seck/Module_FED/resources/js/composables/useTwoFactorAuth.ts:1:9

1: import { qrCode, recoveryCodes, secretKey } from '@/routes/two-factor';
            ^
2: import { computed, ref } from 'vue';

    at getRollupError (file:///home/mansour-seck/Module_FED/node_modules/rollup/dist/es/shared/parseAst.js:401:41)
    at error (file:///home/mansour-seck/Module_FED/node_modules/rollup/dist/es/shared/parseAst.js:397:42)
    at Module.error (file:///home/mansour-seck/Module_FED/node_modules/rollup/dist/es/shared/node-entry.js:16939:16)
    at Module.traceVariable (file:///home/mansour-seck/Module_FED/node_modules/rollup/dist/es/shared/node-entry.js:17391:29)
    at ModuleScope.findVariable (file:///home/mansour-seck/Module_FED/node_modules/rollup/dist/es/shared/node-entry.js:15061:39)
    at ReturnValueScope.findVariable (file:///home/mansour-seck/Module_FED/node_modules/rollup/dist/es/shared/node-entry.js:5642:38)
    at FunctionBodyScope.findVariable (file:///home/mansour-seck/Module_FED/node_modules/rollup/dist/es/shared/node-entry.js:5642:38)
    at ReturnValueScope.findVariable (file:///home/mansour-seck/Module_FED/node_modules/rollup/dist/es/shared/node-entry.js:5642:38)
    at FunctionBodyScope.findVariable (file:///home/mansour-seck/Module_FED/node_modules/rollup/dist/es/shared/node-entry.js:5642:38)
    at BlockScope.findVariable (file:///home/mansour-seck/Module_FED/node_modules/rollup/dist/es/shared/node-entry.js:5642:38)
